<?xml version="1.0" encoding="UTF-8"?>
<testsuite name="UsersController GET 'edit'" tests="3" time="0.110179917" failures="0" errors="3" skipped="0" timestamp="2015-08-05T12:03:28+01:00">
  <testcase name="UsersController GET 'edit' should be successful" time="0.041427324">
    <error type="ActionView::Template::Error" message="no implicit conversion of nil into String">
no implicit conversion of nil into String (ActionView::Template::Error)
ActionView::Template::Error:
no implicit conversion of nil into String
     ./app/views/layouts/_stylesheets.html.erb:4:in `_app_views_layouts__stylesheets_html_erb__3206257638330253947_29876680_2053659563034079303'
     ./app/views/layouts/application.html.erb:6:in `_app_views_layouts_application_html_erb___1351326423015477348_41412780_4333374161733602675'
     ./spec/controllers/users_controller_spec.rb:216:in `block (3 levels) in &lt;top (required)&gt;'    </error>
  </testcase>
  <testcase name="UsersController GET 'edit' should have the right title" time="0.037810353">
    <error type="ActionView::Template::Error" message="no implicit conversion of nil into String">
no implicit conversion of nil into String (ActionView::Template::Error)
ActionView::Template::Error:
no implicit conversion of nil into String
     ./app/views/layouts/_stylesheets.html.erb:4:in `_app_views_layouts__stylesheets_html_erb__3206257638330253947_29876680_2053659563034079303'
     ./app/views/layouts/application.html.erb:6:in `_app_views_layouts_application_html_erb___1351326423015477348_41412780_4333374161733602675'
     ./spec/controllers/users_controller_spec.rb:221:in `block (3 levels) in &lt;top (required)&gt;'    </error>
  </testcase>
  <testcase name="UsersController GET 'edit' should have a link to change the Gravatar" time="0.030165689">
    <error type="ActionView::Template::Error" message="no implicit conversion of nil into String">
no implicit conversion of nil into String (ActionView::Template::Error)
ActionView::Template::Error:
no implicit conversion of nil into String
     ./app/views/layouts/_stylesheets.html.erb:4:in `_app_views_layouts__stylesheets_html_erb__3206257638330253947_29876680_2053659563034079303'
     ./app/views/layouts/application.html.erb:6:in `_app_views_layouts_application_html_erb___1351326423015477348_41412780_4333374161733602675'
     ./spec/controllers/users_controller_spec.rb:226:in `block (3 levels) in &lt;top (required)&gt;'    </error>
  </testcase>
</testsuite>
